1765950632.549536 client started (1715725): version 3.4, socket /tmp/tmux-0/default, protocol 8
1765950632.549574 on Linux 6.8.0-88-generic #89-Ubuntu SMP PREEMPT_DYNAMIC Sat Oct 11 01:02:46 UTC 2025
1765950632.549585 using libevent 2.1.12-stable poll
1765950632.549597 using ncurses 6.4 20240113
1765950632.549619 flags are 0x18010000
1765950632.549637 socket is /tmp/tmux-0/default
1765950632.549658 trying connect
1765950632.549740 add peer 0x623d6bece020: 6 ((nil))
1765950632.550058 sending message 100 to peer 0x623d6bece020 (4 bytes)
1765950632.550077 sending message 111 to peer 0x623d6bece020 (8 bytes)
1765950632.550088 sending message 101 to peer 0x623d6bece020 (15 bytes)
1765950632.550098 sending message 109 to peer 0x623d6bece020 (4 bytes)
1765950632.553140 sending message 102 to peer 0x623d6bece020 (11 bytes)
1765950632.553177 sending message 108 to peer 0x623d6bece020 (32 bytes)
1765950632.553189 sending message 112 to peer 0x623d6bece020 (58 bytes)
1765950632.553199 sending message 112 to peer 0x623d6bece020 (5 bytes)
1765950632.553210 sending message 112 to peer 0x623d6bece020 (5 bytes)
1765950632.553219 sending message 112 to peer 0x623d6bece020 (6 bytes)
1765950632.553230 sending message 112 to peer 0x623d6bece020 (6 bytes)
1765950632.553240 sending message 112 to peer 0x623d6bece020 (11 bytes)
1765950632.553250 sending message 112 to peer 0x623d6bece020 (10 bytes)
1765950632.553261 sending message 112 to peer 0x623d6bece020 (13 bytes)
1765950632.553272 sending message 112 to peer 0x623d6bece020 (14 bytes)
1765950632.553283 sending message 112 to peer 0x623d6bece020 (19 bytes)
1765950632.553294 sending message 112 to peer 0x623d6bece020 (11 bytes)
1765950632.553305 sending message 112 to peer 0x623d6bece020 (10 bytes)
1765950632.553315 sending message 112 to peer 0x623d6bece020 (15 bytes)
1765950632.553325 sending message 112 to peer 0x623d6bece020 (21 bytes)
1765950632.553336 sending message 112 to peer 0x623d6bece020 (13 bytes)
1765950632.553347 sending message 112 to peer 0x623d6bece020 (7 bytes)
1765950632.553358 sending message 112 to peer 0x623d6bece020 (13 bytes)
1765950632.553369 sending message 112 to peer 0x623d6bece020 (7 bytes)
1765950632.553380 sending message 112 to peer 0x623d6bece020 (13 bytes)
1765950632.553390 sending message 112 to peer 0x623d6bece020 (9 bytes)
1765950632.553401 sending message 112 to peer 0x623d6bece020 (21 bytes)
1765950632.553412 sending message 112 to peer 0x623d6bece020 (13 bytes)
1765950632.553422 sending message 112 to peer 0x623d6bece020 (9 bytes)
1765950632.553433 sending message 112 to peer 0x623d6bece020 (16 bytes)
1765950632.553444 sending message 112 to peer 0x623d6bece020 (13 bytes)
1765950632.553455 sending message 112 to peer 0x623d6bece020 (9 bytes)
1765950632.553465 sending message 112 to peer 0x623d6bece020 (9 bytes)
1765950632.553476 sending message 112 to peer 0x623d6bece020 (12 bytes)
1765950632.553487 sending message 112 to peer 0x623d6bece020 (8 bytes)
1765950632.553498 sending message 112 to peer 0x623d6bece020 (8 bytes)
1765950632.553508 sending message 112 to peer 0x623d6bece020 (13 bytes)
1765950632.553519 sending message 112 to peer 0x623d6bece020 (7 bytes)
1765950632.553530 sending message 112 to peer 0x623d6bece020 (7 bytes)
1765950632.553541 sending message 112 to peer 0x623d6bece020 (9 bytes)
1765950632.553556 sending message 112 to peer 0x623d6bece020 (9 bytes)
1765950632.553567 sending message 112 to peer 0x623d6bece020 (15 bytes)
1765950632.553578 sending message 112 to peer 0x623d6bece020 (13 bytes)
1765950632.553589 sending message 112 to peer 0x623d6bece020 (12 bytes)
1765950632.553600 sending message 112 to peer 0x623d6bece020 (8 bytes)
1765950632.553610 sending message 112 to peer 0x623d6bece020 (14 bytes)
1765950632.553621 sending message 112 to peer 0x623d6bece020 (11 bytes)
1765950632.553632 sending message 112 to peer 0x623d6bece020 (9 bytes)
1765950632.553643 sending message 112 to peer 0x623d6bece020 (10 bytes)
1765950632.553654 sending message 112 to peer 0x623d6bece020 (10 bytes)
1765950632.553665 sending message 112 to peer 0x623d6bece020 (10 bytes)
1765950632.553686 sending message 112 to peer 0x623d6bece020 (10 bytes)
1765950632.553697 sending message 112 to peer 0x623d6bece020 (11 bytes)
1765950632.553708 sending message 112 to peer 0x623d6bece020 (12 bytes)
1765950632.553719 sending message 112 to peer 0x623d6bece020 (12 bytes)
1765950632.553730 sending message 112 to peer 0x623d6bece020 (12 bytes)
1765950632.553740 sending message 112 to peer 0x623d6bece020 (12 bytes)
1765950632.553751 sending message 112 to peer 0x623d6bece020 (12 bytes)
1765950632.553764 sending message 112 to peer 0x623d6bece020 (11 bytes)
1765950632.553775 sending message 112 to peer 0x623d6bece020 (11 bytes)
1765950632.553787 sending message 112 to peer 0x623d6bece020 (12 bytes)
1765950632.553797 sending message 112 to peer 0x623d6bece020 (12 bytes)
1765950632.553808 sending message 112 to peer 0x623d6bece020 (12 bytes)
1765950632.553819 sending message 112 to peer 0x623d6bece020 (12 bytes)
1765950632.553830 sending message 112 to peer 0x623d6bece020 (12 bytes)
1765950632.553841 sending message 112 to peer 0x623d6bece020 (9 bytes)
1765950632.553852 sending message 112 to peer 0x623d6bece020 (12 bytes)
1765950632.553863 sending message 112 to peer 0x623d6bece020 (13 bytes)
1765950632.553874 sending message 112 to peer 0x623d6bece020 (13 bytes)
1765950632.553890 sending message 112 to peer 0x623d6bece020 (13 bytes)
1765950632.553901 sending message 112 to peer 0x623d6bece020 (13 bytes)
1765950632.553912 sending message 112 to peer 0x623d6bece020 (13 bytes)
1765950632.553923 sending message 112 to peer 0x623d6bece020 (8 bytes)
1765950632.553934 sending message 112 to peer 0x623d6bece020 (11 bytes)
1765950632.553945 sending message 112 to peer 0x623d6bece020 (11 bytes)
1765950632.553956 sending message 112 to peer 0x623d6bece020 (11 bytes)
1765950632.553967 sending message 112 to peer 0x623d6bece020 (12 bytes)
1765950632.553977 sending message 112 to peer 0x623d6bece020 (12 bytes)
1765950632.553988 sending message 112 to peer 0x623d6bece020 (12 bytes)
1765950632.553999 sending message 112 to peer 0x623d6bece020 (12 bytes)
1765950632.554010 sending message 112 to peer 0x623d6bece020 (13 bytes)
1765950632.554021 sending message 112 to peer 0x623d6bece020 (13 bytes)
1765950632.554032 sending message 112 to peer 0x623d6bece020 (13 bytes)
1765950632.554043 sending message 112 to peer 0x623d6bece020 (8 bytes)
1765950632.554053 sending message 112 to peer 0x623d6bece020 (13 bytes)
1765950632.554064 sending message 112 to peer 0x623d6bece020 (13 bytes)
1765950632.554075 sending message 112 to peer 0x623d6bece020 (13 bytes)
1765950632.554086 sending message 112 to peer 0x623d6bece020 (13 bytes)
1765950632.554097 sending message 112 to peer 0x623d6bece020 (13 bytes)
1765950632.554197 sending message 112 to peer 0x623d6bece020 (12 bytes)
1765950632.554214 sending message 112 to peer 0x623d6bece020 (12 bytes)
1765950632.554224 sending message 112 to peer 0x623d6bece020 (12 bytes)
1765950632.554235 sending message 112 to peer 0x623d6bece020 (12 bytes)
1765950632.554247 sending message 112 to peer 0x623d6bece020 (13 bytes)
1765950632.554259 sending message 112 to peer 0x623d6bece020 (8 bytes)
1765950632.554269 sending message 112 to peer 0x623d6bece020 (13 bytes)
1765950632.554280 sending message 112 to peer 0x623d6bece020 (13 bytes)
1765950632.554291 sending message 112 to peer 0x623d6bece020 (13 bytes)
1765950632.554302 sending message 112 to peer 0x623d6bece020 (13 bytes)
1765950632.554314 sending message 112 to peer 0x623d6bece020 (13 bytes)
1765950632.554325 sending message 112 to peer 0x623d6bece020 (13 bytes)
1765950632.554336 sending message 112 to peer 0x623d6bece020 (13 bytes)
1765950632.554348 sending message 112 to peer 0x623d6bece020 (12 bytes)
1765950632.554359 sending message 112 to peer 0x623d6bece020 (12 bytes)
1765950632.554371 sending message 112 to peer 0x623d6bece020 (12 bytes)
1765950632.554382 sending message 112 to peer 0x623d6bece020 (8 bytes)
1765950632.554394 sending message 112 to peer 0x623d6bece020 (12 bytes)
1765950632.554405 sending message 112 to peer 0x623d6bece020 (13 bytes)
1765950632.554421 sending message 112 to peer 0x623d6bece020 (13 bytes)
1765950632.554432 sending message 112 to peer 0x623d6bece020 (13 bytes)
1765950632.554443 sending message 112 to peer 0x623d6bece020 (13 bytes)
1765950632.554454 sending message 112 to peer 0x623d6bece020 (13 bytes)
1765950632.554465 sending message 112 to peer 0x623d6bece020 (13 bytes)
1765950632.554475 sending message 112 to peer 0x623d6bece020 (13 bytes)
1765950632.554486 sending message 112 to peer 0x623d6bece020 (13 bytes)
1765950632.554497 sending message 112 to peer 0x623d6bece020 (12 bytes)
1765950632.554508 sending message 112 to peer 0x623d6bece020 (10 bytes)
1765950632.554519 sending message 112 to peer 0x623d6bece020 (12 bytes)
1765950632.554529 sending message 112 to peer 0x623d6bece020 (12 bytes)
1765950632.554539 sending message 112 to peer 0x623d6bece020 (12 bytes)
1765950632.554550 sending message 112 to peer 0x623d6bece020 (13 bytes)
1765950632.554564 sending message 112 to peer 0x623d6bece020 (13 bytes)
1765950632.554575 sending message 112 to peer 0x623d6bece020 (13 bytes)
1765950632.554586 sending message 112 to peer 0x623d6bece020 (13 bytes)
1765950632.554597 sending message 112 to peer 0x623d6bece020 (13 bytes)
1765950632.554608 sending message 112 to peer 0x623d6bece020 (13 bytes)
1765950632.554619 sending message 112 to peer 0x623d6bece020 (13 bytes)
1765950632.554630 sending message 112 to peer 0x623d6bece020 (10 bytes)
1765950632.554641 sending message 112 to peer 0x623d6bece020 (13 bytes)
1765950632.554652 sending message 112 to peer 0x623d6bece020 (12 bytes)
1765950632.554663 sending message 112 to peer 0x623d6bece020 (12 bytes)
1765950632.554674 sending message 112 to peer 0x623d6bece020 (12 bytes)
1765950632.554685 sending message 112 to peer 0x623d6bece020 (10 bytes)
1765950632.554695 sending message 112 to peer 0x623d6bece020 (10 bytes)
1765950632.554706 sending message 112 to peer 0x623d6bece020 (10 bytes)
1765950632.554717 sending message 112 to peer 0x623d6bece020 (12 bytes)
1765950632.554728 sending message 112 to peer 0x623d6bece020 (13 bytes)
1765950632.554739 sending message 112 to peer 0x623d6bece020 (13 bytes)
1765950632.554750 sending message 112 to peer 0x623d6bece020 (13 bytes)
1765950632.554761 sending message 112 to peer 0x623d6bece020 (13 bytes)
1765950632.554771 sending message 112 to peer 0x623d6bece020 (13 bytes)
1765950632.554783 sending message 112 to peer 0x623d6bece020 (10 bytes)
1765950632.554793 sending message 112 to peer 0x623d6bece020 (11 bytes)
1765950632.554804 sending message 112 to peer 0x623d6bece020 (12 bytes)
1765950632.554815 sending message 112 to peer 0x623d6bece020 (12 bytes)
1765950632.554826 sending message 112 to peer 0x623d6bece020 (12 bytes)
1765950632.554837 sending message 112 to peer 0x623d6bece020 (12 bytes)
1765950632.554847 sending message 112 to peer 0x623d6bece020 (12 bytes)
1765950632.554860 sending message 112 to peer 0x623d6bece020 (11 bytes)
1765950632.554871 sending message 112 to peer 0x623d6bece020 (12 bytes)
1765950632.554887 sending message 112 to peer 0x623d6bece020 (12 bytes)
1765950632.554898 sending message 112 to peer 0x623d6bece020 (13 bytes)
1765950632.554908 sending message 112 to peer 0x623d6bece020 (13 bytes)
1765950632.554919 sending message 112 to peer 0x623d6bece020 (13 bytes)
1765950632.554931 sending message 112 to peer 0x623d6bece020 (13 bytes)
1765950632.554943 sending message 112 to peer 0x623d6bece020 (13 bytes)
1765950632.554954 sending message 112 to peer 0x623d6bece020 (10 bytes)
1765950632.554965 sending message 112 to peer 0x623d6bece020 (9 bytes)
1765950632.554976 sending message 112 to peer 0x623d6bece020 (12 bytes)
1765950632.554986 sending message 112 to peer 0x623d6bece020 (13 bytes)
1765950632.554997 sending message 112 to peer 0x623d6bece020 (13 bytes)
1765950632.555009 sending message 112 to peer 0x623d6bece020 (13 bytes)
1765950632.555019 sending message 112 to peer 0x623d6bece020 (13 bytes)
1765950632.555029 sending message 112 to peer 0x623d6bece020 (13 bytes)
1765950632.555038 sending message 112 to peer 0x623d6bece020 (9 bytes)
1765950632.555051 sending message 112 to peer 0x623d6bece020 (12 bytes)
1765950632.555059 sending message 112 to peer 0x623d6bece020 (13 bytes)
1765950632.555068 sending message 112 to peer 0x623d6bece020 (13 bytes)
1765950632.555076 sending message 112 to peer 0x623d6bece020 (13 bytes)
1765950632.555085 sending message 112 to peer 0x623d6bece020 (13 bytes)
1765950632.555094 sending message 112 to peer 0x623d6bece020 (13 bytes)
1765950632.555103 sending message 112 to peer 0x623d6bece020 (11 bytes)
1765950632.555122 sending message 112 to peer 0x623d6bece020 (12 bytes)
1765950632.555133 sending message 112 to peer 0x623d6bece020 (13 bytes)
1765950632.555141 sending message 112 to peer 0x623d6bece020 (13 bytes)
1765950632.555150 sending message 112 to peer 0x623d6bece020 (13 bytes)
1765950632.555159 sending message 112 to peer 0x623d6bece020 (13 bytes)
1765950632.555167 sending message 112 to peer 0x623d6bece020 (13 bytes)
1765950632.555177 sending message 112 to peer 0x623d6bece020 (11 bytes)
1765950632.555185 sending message 112 to peer 0x623d6bece020 (12 bytes)
1765950632.555193 sending message 112 to peer 0x623d6bece020 (12 bytes)
1765950632.555203 sending message 112 to peer 0x623d6bece020 (12 bytes)
1765950632.555212 sending message 112 to peer 0x623d6bece020 (12 bytes)
1765950632.555221 sending message 112 to peer 0x623d6bece020 (12 bytes)
1765950632.555230 sending message 112 to peer 0x623d6bece020 (21 bytes)
1765950632.555239 sending message 112 to peer 0x623d6bece020 (12 bytes)
1765950632.555249 sending message 112 to peer 0x623d6bece020 (9 bytes)
1765950632.555258 sending message 112 to peer 0x623d6bece020 (6 bytes)
1765950632.555267 sending message 112 to peer 0x623d6bece020 (13 bytes)
1765950632.555276 sending message 112 to peer 0x623d6bece020 (10 bytes)
1765950632.555286 sending message 112 to peer 0x623d6bece020 (24 bytes)
1765950632.555297 sending message 112 to peer 0x623d6bece020 (13 bytes)
1765950632.555307 sending message 112 to peer 0x623d6bece020 (9 bytes)
1765950632.555317 sending message 112 to peer 0x623d6bece020 (70 bytes)
1765950632.555327 sending message 112 to peer 0x623d6bece020 (69 bytes)
1765950632.555336 sending message 112 to peer 0x623d6bece020 (12 bytes)
1765950632.555345 sending message 112 to peer 0x623d6bece020 (10 bytes)
1765950632.555353 sending message 112 to peer 0x623d6bece020 (10 bytes)
1765950632.555362 sending message 112 to peer 0x623d6bece020 (24 bytes)
1765950632.555372 sending message 112 to peer 0x623d6bece020 (13 bytes)
1765950632.555381 sending message 112 to peer 0x623d6bece020 (10 bytes)
1765950632.555391 sending message 112 to peer 0x623d6bece020 (10 bytes)
1765950632.555400 sending message 112 to peer 0x623d6bece020 (10 bytes)
1765950632.555410 sending message 112 to peer 0x623d6bece020 (13 bytes)
1765950632.555420 sending message 112 to peer 0x623d6bece020 (15 bytes)
1765950632.555430 sending message 112 to peer 0x623d6bece020 (5 bytes)
1765950632.555442 sending message 104 to peer 0x623d6bece020 (0 bytes)
1765950632.555453 sending message 110 to peer 0x623d6bece020 (0 bytes)
1765950632.555464 sending message 107 to peer 0x623d6bece020 (4 bytes)
1765950632.555474 sending message 105 to peer 0x623d6bece020 (16 bytes)
1765950632.555484 sending message 105 to peer 0x623d6bece020 (20 bytes)
1765950632.555493 sending message 105 to peer 0x623d6bece020 (55 bytes)
1765950632.555503 sending message 105 to peer 0x623d6bece020 (29 bytes)
1765950632.555513 sending message 105 to peer 0x623d6bece020 (96 bytes)
1765950632.555523 sending message 105 to peer 0x623d6bece020 (26 bytes)
1765950632.555532 sending message 105 to peer 0x623d6bece020 (36 bytes)
1765950632.555541 sending message 105 to peer 0x623d6bece020 (13 bytes)
1765950632.555551 sending message 105 to peer 0x623d6bece020 (21 bytes)
1765950632.555565 sending message 105 to peer 0x623d6bece020 (100 bytes)
1765950632.555575 sending message 105 to peer 0x623d6bece020 (11 bytes)
1765950632.555585 sending message 105 to peer 0x623d6bece020 (17 bytes)
1765950632.555596 sending message 105 to peer 0x623d6bece020 (1817 bytes)
1765950632.555625 sending message 105 to peer 0x623d6bece020 (114 bytes)
1765950632.555637 sending message 105 to peer 0x623d6bece020 (54 bytes)
1765950632.555648 sending message 105 to peer 0x623d6bece020 (19 bytes)
1765950632.555659 sending message 105 to peer 0x623d6bece020 (31 bytes)
1765950632.555670 sending message 105 to peer 0x623d6bece020 (35 bytes)
1765950632.555680 sending message 105 to peer 0x623d6bece020 (34 bytes)
1765950632.555692 sending message 105 to peer 0x623d6bece020 (23 bytes)
1765950632.555704 sending message 105 to peer 0x623d6bece020 (20 bytes)
1765950632.555715 sending message 105 to peer 0x623d6bece020 (32 bytes)
1765950632.555727 sending message 105 to peer 0x623d6bece020 (10 bytes)
1765950632.555738 sending message 105 to peer 0x623d6bece020 (61 bytes)
1765950632.555749 sending message 105 to peer 0x623d6bece020 (8 bytes)
1765950632.555761 sending message 105 to peer 0x623d6bece020 (14 bytes)
1765950632.555772 sending message 105 to peer 0x623d6bece020 (20 bytes)
1765950632.555783 sending message 105 to peer 0x623d6bece020 (28 bytes)
1765950632.555795 sending message 105 to peer 0x623d6bece020 (35 bytes)
1765950632.555806 sending message 105 to peer 0x623d6bece020 (131 bytes)
1765950632.555818 sending message 105 to peer 0x623d6bece020 (65 bytes)
1765950632.555829 sending message 105 to peer 0x623d6bece020 (102 bytes)
1765950632.555841 sending message 105 to peer 0x623d6bece020 (228 bytes)
1765950632.555852 sending message 105 to peer 0x623d6bece020 (51 bytes)
1765950632.555864 sending message 105 to peer 0x623d6bece020 (46 bytes)
1765950632.555875 sending message 105 to peer 0x623d6bece020 (20 bytes)
1765950632.555894 sending message 105 to peer 0x623d6bece020 (85 bytes)
1765950632.555905 sending message 105 to peer 0x623d6bece020 (16 bytes)
1765950632.555917 sending message 106 to peer 0x623d6bece020 (0 bytes)
1765950632.557211 sending message 200 to peer 0x623d6bece020 (4 bytes)
1765950632.557232 client loop enter
1765950632.568042 peer 0x623d6bece020 message 207
1765950632.568072 sending message 208 to peer 0x623d6bece020 (0 bytes)
1765950654.873185 client_signal: Hangup
1765950654.873257 sending message 205 to peer 0x623d6bece020 (0 bytes)
1765950654.875723 peer 0x623d6bece020 message 204
1765950654.875756 client loop exit
